<?xml version="1.0" encoding="UTF-8"?>
<!-- Generated by org.testng.reporters.JUnitReportReporter -->
<testsuite skipped="0" hostname="DESKTOP-VRUGIES" name="com.Wallethu1.testCases.TC_LoginTest_001" tests="1" failures="0" timestamp="15 May 2022 06:25:55 GMT" time="45.758" errors="0">
  <testcase name="loginTest" time="45.758" classname="com.Wallethu1.testCases.TC_LoginTest_001"/>
</testsuite> <!-- com.Wallethu1.testCases.TC_LoginTest_001 -->
