<?xml version="1.0" encoding="UTF-8"?>
<!-- Generated by org.testng.reporters.JUnitReportReporter -->
<testsuite skipped="0" hostname="DESKTOP-VRUGIES" name="com.Wallethu1.testCases.TC_LoginTest_001" tests="1" failures="0" timestamp="15 May 2022 06:15:02 GMT" time="44.532" errors="0">
  <testcase name="loginTest" time="44.532" classname="com.Wallethu1.testCases.TC_LoginTest_001"/>
</testsuite> <!-- com.Wallethu1.testCases.TC_LoginTest_001 -->
